search_fs_uuid:
date: datetime normal
gcry_twofish: crypto
multiboot2: boot gzio video relocator mmap
uhci: pci usb
gcry_rijndael: crypto
echo: extcmd
cpio:
gcry_cast5: crypto
gcry_sha512: crypto
part_sun:
boot:
gzio:
ls: extcmd normal
gfxterm: video extcmd bitmap_scale bitmap font
video:
gcry_serpent: crypto
gcry_tiger: crypto
aout:
gcry_blowfish: crypto
extcmd:
at_keyboard:
minix:
pxe: bufio
xnu_uuid: gcry_md5
help: extcmd charset normal
usbms: usb scsi
usbtest: usb
reboot:
blocklist:
part_msdos:
gcry_rfc2268: crypto
pbkdf2: crypto
probe: extcmd
gcry_camellia: crypto
fat:
gcry_md4: crypto
sh: normal
parttool: normal
linux: boot video mmap normal
zfsinfo: zfs
gcry_md5: crypto
fshelp:
usb_keyboard: usb
bitmap_scale: bitmap
ata: pci scsi
gcry_des: crypto
dm_nv: raid
reiserfs: fshelp
datehook: datetime normal
afs_be: fshelp
efiemu: acpi crc charset
gcry_seed: crypto
crypto:
terminal:
jpeg: bufio bitmap
test:
bsd: boot gzio video aout extcmd elf cpuid mmap
cmp: gzio
gfxmenu: gfxterm video trig bitmap_scale bitmap normal font
memdisk:
acpi: gzio extcmd mmap
elf: gzio
affs: fshelp
xfs: fshelp
cpuid: extcmd
crc:
usb:
videotest: video font
relocator:
play:
password: crypto normal
mdraid: raid
pxecmd: pxe
video_fb: video
sleep: extcmd normal
serial: extcmd terminfo
gcry_rmd160: crypto
gcry_sha256: crypto
search_fs_file:
search: search_fs_uuid extcmd search_fs_file search_label
chain: boot video
memrw: extcmd
ata_pthru: ata
gcry_crc: crypto
password_pbkdf2: gcry_sha512 pbkdf2 crypto normal
configfile: normal
befs: fshelp
linux16: boot video mmap
gcry_arcfour: crypto
charset:
raid5rec: raid
gettext: gzio normal
hello: extcmd
hashsum: extcmd crypto normal
vga_text:
vbeinfo: vbe
gptsync:
part_gpt:
ohci: pci usb
zfs:
bufio:
part_apple:
hdparm: extcmd
bitmap:
true:
terminfo:
hfs:
ntfscomp: ntfs
biosdisk:
ufs1:
915resolution: extcmd
gcry_sha1: crypto
ufs2:
lsmmap:
befs_be: fshelp
mmap: boot
png: bufio bitmap
tar:
hfsplus: fshelp
lspci: extcmd pci
tga: bufio bitmap
functional_test: extcmd
scsi:
lvm:
raid:
setpci: extcmd pci
iso9660: fshelp
search_label:
msdospart: parttool
raid6rec: raid
udf: fshelp
vbe: video video_fb
handler:
halt: extcmd
keystatus: extcmd
read:
multiboot: boot gzio video relocator mmap
xnu: boot gzio video extcmd bitmap_scale efiemu relocator charset bitmap
normal: boot crypto terminal charset
loopback: extcmd
part_amiga:
sfs: fshelp
jfs:
vbetest: video vbe
cat: gzio
part_acorn:
afs: fshelp
hexdump: gzio extcmd
gcry_whirlpool: crypto
loadenv: extcmd
minicmd:
drivemap: boot extcmd mmap
example_functional_test: functional_test
font: video bufio
ext2: fshelp
vga: font
ntfs: fshelp
